2018-07-05 20:29:23 1190 [main] INFO  c.wyc.DatamsecurityApplicationTests - Starting DatamsecurityApplicationTests on DESKTOP-U1CJN0C with PID 2104 (started by haima in C:\Users\haima\IdeaProjects\datamsecurity) 
2018-07-05 20:29:23 1199 [main] INFO  c.wyc.DatamsecurityApplicationTests - The following profiles are active: dev 
2018-07-05 20:29:23 1239 [main] INFO  o.s.w.c.s.GenericWebApplicationContext - Refreshing org.springframework.web.context.support.GenericWebApplicationContext@1a72a540: startup date [Thu Jul 05 20:29:23 CST 2018]; root of context hierarchy 
2018-07-05 20:29:24 1612 [background-preinit] INFO  o.h.validator.internal.util.Version - HV000001: Hibernate Validator 5.3.5.Final 
2018-07-05 20:29:25 2676 [main] INFO  o.s.d.r.c.RepositoryConfigurationDelegate - Multiple Spring Data modules found, entering strict repository configuration mode! 
2018-07-05 20:29:25 3136 [main] INFO  o.s.c.s.PostProcessorRegistrationDelegate$BeanPostProcessorChecker - Bean 'shiroConfiguration' of type [com.wyc.configuration.ShiroConfiguration$$EnhancerBySpringCGLIB$$14fe20fd] is not eligible for getting processed by all BeanPostProcessors (for example: not eligible for auto-proxying) 
2018-07-05 20:29:25 3167 [main] INFO  c.w.c.ShiroConfiguration - myRealm注册完成 
2018-07-05 20:29:25 3534 [main] INFO  o.s.c.s.PostProcessorRegistrationDelegate$BeanPostProcessorChecker - Bean 'mybatis-org.mybatis.spring.boot.autoconfigure.MybatisProperties' of type [org.mybatis.spring.boot.autoconfigure.MybatisProperties] is not eligible for getting processed by all BeanPostProcessors (for example: not eligible for auto-proxying) 
2018-07-05 20:29:25 3568 [main] INFO  o.s.c.s.PostProcessorRegistrationDelegate$BeanPostProcessorChecker - Bean 'org.mybatis.spring.boot.autoconfigure.MybatisAutoConfiguration' of type [org.mybatis.spring.boot.autoconfigure.MybatisAutoConfiguration$$EnhancerBySpringCGLIB$$8df26d71] is not eligible for getting processed by all BeanPostProcessors (for example: not eligible for auto-proxying) 
2018-07-05 20:29:26 3580 [main] INFO  o.s.c.s.PostProcessorRegistrationDelegate$BeanPostProcessorChecker - Bean 'baseDataSource' of type [com.wyc.configuration.BaseDataSource$$EnhancerBySpringCGLIB$$480b56ae] is not eligible for getting processed by all BeanPostProcessors (for example: not eligible for auto-proxying) 
2018-07-05 20:29:26 3951 [main] INFO  o.s.c.s.PostProcessorRegistrationDelegate$BeanPostProcessorChecker - Bean 'dataSource' of type [com.alibaba.druid.pool.DruidDataSource] is not eligible for getting processed by all BeanPostProcessors (for example: not eligible for auto-proxying) 
2018-07-05 20:29:26 4191 [main] INFO  o.s.c.s.PostProcessorRegistrationDelegate$BeanPostProcessorChecker - Bean 'sqlSessionFactory' of type [org.apache.ibatis.session.defaults.DefaultSqlSessionFactory] is not eligible for getting processed by all BeanPostProcessors (for example: not eligible for auto-proxying) 
2018-07-05 20:29:26 4201 [main] INFO  o.s.c.s.PostProcessorRegistrationDelegate$BeanPostProcessorChecker - Bean 'sqlSessionTemplate' of type [org.mybatis.spring.SqlSessionTemplate] is not eligible for getting processed by all BeanPostProcessors (for example: not eligible for auto-proxying) 
2018-07-05 20:29:26 4201 [main] INFO  o.s.c.s.PostProcessorRegistrationDelegate$BeanPostProcessorChecker - Bean 'userInfoMapper' of type [org.mybatis.spring.mapper.MapperFactoryBean] is not eligible for getting processed by all BeanPostProcessors (for example: not eligible for auto-proxying) 
2018-07-05 20:29:26 4203 [main] INFO  o.s.c.s.PostProcessorRegistrationDelegate$BeanPostProcessorChecker - Bean 'userInfoMapper' of type [com.sun.proxy.$Proxy87] is not eligible for getting processed by all BeanPostProcessors (for example: not eligible for auto-proxying) 
2018-07-05 20:29:26 4209 [main] INFO  o.s.c.s.PostProcessorRegistrationDelegate$BeanPostProcessorChecker - Bean 'baseMapper' of type [org.mybatis.spring.mapper.MapperFactoryBean] is not eligible for getting processed by all BeanPostProcessors (for example: not eligible for auto-proxying) 
2018-07-05 20:29:26 4210 [main] INFO  o.s.c.s.PostProcessorRegistrationDelegate$BeanPostProcessorChecker - Bean 'baseMapper' of type [com.sun.proxy.$Proxy88] is not eligible for getting processed by all BeanPostProcessors (for example: not eligible for auto-proxying) 
2018-07-05 20:29:26 4211 [main] INFO  o.s.c.s.PostProcessorRegistrationDelegate$BeanPostProcessorChecker - Bean 'baseServie' of type [com.wyc.service.impl.BaseServiceClientImpl] is not eligible for getting processed by all BeanPostProcessors (for example: not eligible for auto-proxying) 
2018-07-05 20:29:26 4212 [main] INFO  o.s.c.s.PostProcessorRegistrationDelegate$BeanPostProcessorChecker - Bean 'userService' of type [com.wyc.service.impl.UserServiceImpl] is not eligible for getting processed by all BeanPostProcessors (for example: not eligible for auto-proxying) 
2018-07-05 20:29:26 4212 [main] INFO  o.s.c.s.PostProcessorRegistrationDelegate$BeanPostProcessorChecker - Bean 'myRealm' of type [com.wyc.common.MyRealm] is not eligible for getting processed by all BeanPostProcessors (for example: not eligible for auto-proxying) 
2018-07-05 20:29:27 4975 [main] INFO  o.s.c.s.PostProcessorRegistrationDelegate$BeanPostProcessorChecker - Bean 'redisSessionDAO' of type [org.crazycake.shiro.RedisSessionDAO] is not eligible for getting processed by all BeanPostProcessors (for example: not eligible for auto-proxying) 
2018-07-05 20:29:27 4990 [main] INFO  o.s.c.s.PostProcessorRegistrationDelegate$BeanPostProcessorChecker - Bean 'sessionManager' of type [com.wyc.configuration.MySessionManager] is not eligible for getting processed by all BeanPostProcessors (for example: not eligible for auto-proxying) 
2018-07-05 20:29:27 4994 [main] INFO  o.s.c.s.PostProcessorRegistrationDelegate$BeanPostProcessorChecker - Bean 'cacheManager' of type [org.crazycake.shiro.RedisCacheManager] is not eligible for getting processed by all BeanPostProcessors (for example: not eligible for auto-proxying) 
2018-07-05 20:29:27 4995 [main] INFO  c.w.c.ShiroConfiguration - securityManager注册完成 
2018-07-05 20:29:27 5007 [main] INFO  o.s.c.s.PostProcessorRegistrationDelegate$BeanPostProcessorChecker - Bean 'securityManager' of type [org.apache.shiro.web.mgt.DefaultWebSecurityManager] is not eligible for getting processed by all BeanPostProcessors (for example: not eligible for auto-proxying) 
2018-07-05 20:29:27 5013 [main] INFO  o.s.c.s.PostProcessorRegistrationDelegate$BeanPostProcessorChecker - Bean 'shiroLoginFilter' of type [com.wyc.configuration.CorsConfig] is not eligible for getting processed by all BeanPostProcessors (for example: not eligible for auto-proxying) 
2018-07-05 20:29:27 5013 [main] INFO  c.w.c.ShiroConfiguration - shiroFilter注册完成 
2018-07-05 20:29:27 5110 [main] INFO  o.s.c.s.PostProcessorRegistrationDelegate$BeanPostProcessorChecker - Bean 'org.springframework.transaction.annotation.ProxyTransactionManagementConfiguration' of type [org.springframework.transaction.annotation.ProxyTransactionManagementConfiguration$$EnhancerBySpringCGLIB$$5b1e1c41] is not eligible for getting processed by all BeanPostProcessors (for example: not eligible for auto-proxying) 
2018-07-05 20:29:27 5126 [main] INFO  o.s.c.s.PostProcessorRegistrationDelegate$BeanPostProcessorChecker - Bean 'authorizationAttributeSourceAdvisor' of type [org.apache.shiro.spring.security.interceptor.AuthorizationAttributeSourceAdvisor] is not eligible for getting processed by all BeanPostProcessors (for example: not eligible for auto-proxying) 
2018-07-05 20:29:28 6096 [main] INFO  o.s.w.s.m.m.a.RequestMappingHandlerMapping - Mapped "{[/admin/user],methods=[GET]}" onto public java.lang.String com.wyc.web.AdminController.getUser(long) 
2018-07-05 20:29:28 6097 [main] INFO  o.s.w.s.m.m.a.RequestMappingHandlerMapping - Mapped "{[/admin/user],methods=[PUT]}" onto public java.lang.String com.wyc.web.AdminController.updateUser(java.lang.String) 
2018-07-05 20:29:28 6098 [main] INFO  o.s.w.s.m.m.a.RequestMappingHandlerMapping - Mapped "{[/admin/user],methods=[DELETE]}" onto public java.lang.String com.wyc.web.AdminController.delUser(long) 
2018-07-05 20:29:28 6098 [main] INFO  o.s.w.s.m.m.a.RequestMappingHandlerMapping - Mapped "{[/admin/testAuthorization],methods=[GET]}" onto public java.lang.String com.wyc.web.AdminController.testAuthorization() 
2018-07-05 20:29:28 6098 [main] INFO  o.s.w.s.m.m.a.RequestMappingHandlerMapping - Mapped "{[/admin/user],methods=[POST]}" onto public java.lang.String com.wyc.web.AdminController.addUser(java.lang.String) 
2018-07-05 20:29:28 6100 [main] INFO  o.s.w.s.m.m.a.RequestMappingHandlerMapping - Mapped "{[/login]}" onto public java.lang.String com.wyc.web.AuthenticationController.login() 
2018-07-05 20:29:28 6100 [main] INFO  o.s.w.s.m.m.a.RequestMappingHandlerMapping - Mapped "{[/unauth]}" onto public java.lang.Object com.wyc.web.AuthenticationController.unauth() 
2018-07-05 20:29:28 6101 [main] INFO  o.s.w.s.m.m.a.RequestMappingHandlerMapping - Mapped "{[/login_in],produces=[application/json;charset=UTF-8]}" onto public com.wyc.entity.JsonBean com.wyc.web.AuthenticationController.loginIn(javax.servlet.http.HttpServletRequest) 
2018-07-05 20:29:28 6101 [main] INFO  o.s.w.s.m.m.a.RequestMappingHandlerMapping - Mapped "{[/demo/testRedis],methods=[GET]}" onto public java.lang.String com.wyc.web.DemoController.testRedis(java.lang.String) 
2018-07-05 20:29:28 6102 [main] INFO  o.s.w.s.m.m.a.RequestMappingHandlerMapping - Mapped "{[/demo/getAll],methods=[GET]}" onto public java.lang.String com.wyc.web.DemoController.testDemo(java.util.Map<java.lang.String, java.lang.Object>) 
2018-07-05 20:29:28 6103 [main] INFO  o.s.w.s.m.m.a.RequestMappingHandlerMapping - Mapped "{[/errorPage/404]}" onto public java.lang.String com.wyc.web.ErrorPageController.http404() 
2018-07-05 20:29:28 6103 [main] INFO  o.s.w.s.m.m.a.RequestMappingHandlerMapping - Mapped "{[/errorPage/403]}" onto public java.lang.String com.wyc.web.ErrorPageController.http403() 
2018-07-05 20:29:28 6103 [main] INFO  o.s.w.s.m.m.a.RequestMappingHandlerMapping - Mapped "{[/datam/verify]}" onto public java.lang.String com.wyc.web.GetDataController.verify(javax.servlet.http.HttpServletRequest,javax.servlet.http.HttpServletResponse) throws java.io.UnsupportedEncodingException 
2018-07-05 20:29:28 6104 [main] INFO  o.s.w.s.m.m.a.RequestMappingHandlerMapping - Mapped "{[/v2/api-docs],methods=[GET],produces=[application/json || application/hal+json]}" onto public org.springframework.http.ResponseEntity<springfox.documentation.spring.web.json.Json> springfox.documentation.swagger2.web.Swagger2Controller.getDocumentation(java.lang.String,javax.servlet.http.HttpServletRequest) 
2018-07-05 20:29:28 6109 [main] INFO  o.s.w.s.m.m.a.RequestMappingHandlerMapping - Mapped "{[/swagger-resources]}" onto org.springframework.http.ResponseEntity<java.util.List<springfox.documentation.swagger.web.SwaggerResource>> springfox.documentation.swagger.web.ApiResourceController.swaggerResources() 
2018-07-05 20:29:28 6110 [main] INFO  o.s.w.s.m.m.a.RequestMappingHandlerMapping - Mapped "{[/swagger-resources/configuration/ui]}" onto org.springframework.http.ResponseEntity<springfox.documentation.swagger.web.UiConfiguration> springfox.documentation.swagger.web.ApiResourceController.uiConfiguration() 
2018-07-05 20:29:28 6110 [main] INFO  o.s.w.s.m.m.a.RequestMappingHandlerMapping - Mapped "{[/swagger-resources/configuration/security]}" onto org.springframework.http.ResponseEntity<springfox.documentation.swagger.web.SecurityConfiguration> springfox.documentation.swagger.web.ApiResourceController.securityConfiguration() 
2018-07-05 20:29:28 6113 [main] INFO  o.s.w.s.m.m.a.RequestMappingHandlerMapping - Mapped "{[/error]}" onto public org.springframework.http.ResponseEntity<java.util.Map<java.lang.String, java.lang.Object>> org.springframework.boot.autoconfigure.web.BasicErrorController.error(javax.servlet.http.HttpServletRequest) 
2018-07-05 20:29:28 6114 [main] INFO  o.s.w.s.m.m.a.RequestMappingHandlerMapping - Mapped "{[/error],produces=[text/html]}" onto public org.springframework.web.servlet.ModelAndView org.springframework.boot.autoconfigure.web.BasicErrorController.errorHtml(javax.servlet.http.HttpServletRequest,javax.servlet.http.HttpServletResponse) 
2018-07-05 20:29:29 6912 [main] INFO  o.s.w.s.m.m.a.RequestMappingHandlerAdapter - Looking for @ControllerAdvice: org.springframework.web.context.support.GenericWebApplicationContext@1a72a540: startup date [Thu Jul 05 20:29:23 CST 2018]; root of context hierarchy 
2018-07-05 20:29:29 6992 [main] INFO  o.s.w.s.h.SimpleUrlHandlerMapping - Mapped URL path [/webjars/**] onto handler of type [class org.springframework.web.servlet.resource.ResourceHttpRequestHandler] 
2018-07-05 20:29:29 6992 [main] INFO  o.s.w.s.h.SimpleUrlHandlerMapping - Mapped URL path [/**] onto handler of type [class org.springframework.web.servlet.resource.ResourceHttpRequestHandler] 
2018-07-05 20:29:29 7052 [main] INFO  o.s.w.s.h.SimpleUrlHandlerMapping - Mapped URL path [/**/favicon.ico] onto handler of type [class org.springframework.web.servlet.resource.ResourceHttpRequestHandler] 
2018-07-05 20:29:30 7705 [main] INFO  o.s.w.s.v.f.FreeMarkerConfigurer - ClassTemplateLoader for Spring macros added to FreeMarker configuration 
2018-07-05 20:29:30 7967 [main] INFO  o.s.c.s.DefaultLifecycleProcessor - Starting beans in phase 2147483647 
2018-07-05 20:29:30 7967 [main] INFO  s.d.s.w.p.DocumentationPluginsBootstrapper - Context refreshed 
2018-07-05 20:29:30 7997 [main] INFO  s.d.s.w.p.DocumentationPluginsBootstrapper - Found 1 custom documentation plugin(s) 
2018-07-05 20:29:30 8008 [main] INFO  s.d.s.w.s.ApiListingReferenceScanner - Scanning for api listing references 
2018-07-05 20:29:30 8263 [main] INFO  c.wyc.DatamsecurityApplicationTests - Started DatamsecurityApplicationTests in 7.764 seconds (JVM running for 8.572) 
2018-07-05 20:29:30 8325 [Thread-5] INFO  o.s.w.c.s.GenericWebApplicationContext - Closing org.springframework.web.context.support.GenericWebApplicationContext@1a72a540: startup date [Thu Jul 05 20:29:23 CST 2018]; root of context hierarchy 
2018-07-05 20:29:30 8327 [Thread-5] INFO  o.s.c.s.DefaultLifecycleProcessor - Stopping beans in phase 2147483647 
2018-07-05 20:52:24 986  [main] INFO  c.wyc.DatamsecurityApplicationTests - Starting DatamsecurityApplicationTests on DESKTOP-U1CJN0C with PID 11552 (started by haima in C:\Users\haima\IdeaProjects\datamsecurity) 
2018-07-05 20:52:24 986  [main] INFO  c.wyc.DatamsecurityApplicationTests - The following profiles are active: dev 
2018-07-05 20:52:24 1057 [main] INFO  o.s.w.c.s.GenericWebApplicationContext - Refreshing org.springframework.web.context.support.GenericWebApplicationContext@1a72a540: startup date [Thu Jul 05 20:52:24 CST 2018]; root of context hierarchy 
2018-07-05 20:52:24 1383 [background-preinit] INFO  o.h.validator.internal.util.Version - HV000001: Hibernate Validator 5.3.5.Final 
2018-07-05 20:52:25 2154 [main] INFO  o.s.d.r.c.RepositoryConfigurationDelegate - Multiple Spring Data modules found, entering strict repository configuration mode! 
2018-07-05 20:52:25 2706 [main] INFO  o.s.c.s.PostProcessorRegistrationDelegate$BeanPostProcessorChecker - Bean 'shiroConfiguration' of type [com.wyc.configuration.ShiroConfiguration$$EnhancerBySpringCGLIB$$f24403dc] is not eligible for getting processed by all BeanPostProcessors (for example: not eligible for auto-proxying) 
2018-07-05 20:52:25 2740 [main] INFO  c.w.c.ShiroConfiguration - myRealm注册完成 
2018-07-05 20:52:25 2902 [main] INFO  o.s.c.s.PostProcessorRegistrationDelegate$BeanPostProcessorChecker - Bean 'mybatis-org.mybatis.spring.boot.autoconfigure.MybatisProperties' of type [org.mybatis.spring.boot.autoconfigure.MybatisProperties] is not eligible for getting processed by all BeanPostProcessors (for example: not eligible for auto-proxying) 
2018-07-05 20:52:26 2913 [main] INFO  o.s.c.s.PostProcessorRegistrationDelegate$BeanPostProcessorChecker - Bean 'org.mybatis.spring.boot.autoconfigure.MybatisAutoConfiguration' of type [org.mybatis.spring.boot.autoconfigure.MybatisAutoConfiguration$$EnhancerBySpringCGLIB$$6b385050] is not eligible for getting processed by all BeanPostProcessors (for example: not eligible for auto-proxying) 
2018-07-05 20:52:26 2919 [main] INFO  o.s.c.s.PostProcessorRegistrationDelegate$BeanPostProcessorChecker - Bean 'baseDataSource' of type [com.wyc.configuration.BaseDataSource$$EnhancerBySpringCGLIB$$2551398d] is not eligible for getting processed by all BeanPostProcessors (for example: not eligible for auto-proxying) 
2018-07-05 20:52:26 3263 [main] INFO  o.s.c.s.PostProcessorRegistrationDelegate$BeanPostProcessorChecker - Bean 'dataSource' of type [com.alibaba.druid.pool.DruidDataSource] is not eligible for getting processed by all BeanPostProcessors (for example: not eligible for auto-proxying) 
2018-07-05 20:52:26 3429 [main] INFO  o.s.c.s.PostProcessorRegistrationDelegate$BeanPostProcessorChecker - Bean 'sqlSessionFactory' of type [org.apache.ibatis.session.defaults.DefaultSqlSessionFactory] is not eligible for getting processed by all BeanPostProcessors (for example: not eligible for auto-proxying) 
2018-07-05 20:52:26 3439 [main] INFO  o.s.c.s.PostProcessorRegistrationDelegate$BeanPostProcessorChecker - Bean 'sqlSessionTemplate' of type [org.mybatis.spring.SqlSessionTemplate] is not eligible for getting processed by all BeanPostProcessors (for example: not eligible for auto-proxying) 
2018-07-05 20:52:26 3439 [main] INFO  o.s.c.s.PostProcessorRegistrationDelegate$BeanPostProcessorChecker - Bean 'userInfoMapper' of type [org.mybatis.spring.mapper.MapperFactoryBean] is not eligible for getting processed by all BeanPostProcessors (for example: not eligible for auto-proxying) 
2018-07-05 20:52:26 3441 [main] INFO  o.s.c.s.PostProcessorRegistrationDelegate$BeanPostProcessorChecker - Bean 'userInfoMapper' of type [com.sun.proxy.$Proxy87] is not eligible for getting processed by all BeanPostProcessors (for example: not eligible for auto-proxying) 
2018-07-05 20:52:26 3447 [main] INFO  o.s.c.s.PostProcessorRegistrationDelegate$BeanPostProcessorChecker - Bean 'baseMapper' of type [org.mybatis.spring.mapper.MapperFactoryBean] is not eligible for getting processed by all BeanPostProcessors (for example: not eligible for auto-proxying) 
2018-07-05 20:52:26 3448 [main] INFO  o.s.c.s.PostProcessorRegistrationDelegate$BeanPostProcessorChecker - Bean 'baseMapper' of type [com.sun.proxy.$Proxy88] is not eligible for getting processed by all BeanPostProcessors (for example: not eligible for auto-proxying) 
2018-07-05 20:52:26 3450 [main] INFO  o.s.c.s.PostProcessorRegistrationDelegate$BeanPostProcessorChecker - Bean 'baseServie' of type [com.wyc.service.impl.BaseServiceClientImpl] is not eligible for getting processed by all BeanPostProcessors (for example: not eligible for auto-proxying) 
2018-07-05 20:52:26 3450 [main] INFO  o.s.c.s.PostProcessorRegistrationDelegate$BeanPostProcessorChecker - Bean 'userService' of type [com.wyc.service.impl.UserServiceImpl] is not eligible for getting processed by all BeanPostProcessors (for example: not eligible for auto-proxying) 
2018-07-05 20:52:26 3450 [main] INFO  o.s.c.s.PostProcessorRegistrationDelegate$BeanPostProcessorChecker - Bean 'myRealm' of type [com.wyc.common.MyRealm] is not eligible for getting processed by all BeanPostProcessors (for example: not eligible for auto-proxying) 
2018-07-05 20:52:27 4194 [main] INFO  o.s.c.s.PostProcessorRegistrationDelegate$BeanPostProcessorChecker - Bean 'redisSessionDAO' of type [org.crazycake.shiro.RedisSessionDAO] is not eligible for getting processed by all BeanPostProcessors (for example: not eligible for auto-proxying) 
2018-07-05 20:52:27 4208 [main] INFO  o.s.c.s.PostProcessorRegistrationDelegate$BeanPostProcessorChecker - Bean 'sessionManager' of type [com.wyc.configuration.MySessionManager] is not eligible for getting processed by all BeanPostProcessors (for example: not eligible for auto-proxying) 
2018-07-05 20:52:27 4212 [main] INFO  o.s.c.s.PostProcessorRegistrationDelegate$BeanPostProcessorChecker - Bean 'cacheManager' of type [org.crazycake.shiro.RedisCacheManager] is not eligible for getting processed by all BeanPostProcessors (for example: not eligible for auto-proxying) 
2018-07-05 20:52:27 4214 [main] INFO  c.w.c.ShiroConfiguration - securityManager注册完成 
2018-07-05 20:52:27 4227 [main] INFO  o.s.c.s.PostProcessorRegistrationDelegate$BeanPostProcessorChecker - Bean 'securityManager' of type [org.apache.shiro.web.mgt.DefaultWebSecurityManager] is not eligible for getting processed by all BeanPostProcessors (for example: not eligible for auto-proxying) 
2018-07-05 20:52:27 4232 [main] INFO  o.s.c.s.PostProcessorRegistrationDelegate$BeanPostProcessorChecker - Bean 'shiroLoginFilter' of type [com.wyc.configuration.CorsConfig] is not eligible for getting processed by all BeanPostProcessors (for example: not eligible for auto-proxying) 
2018-07-05 20:52:27 4233 [main] INFO  c.w.c.ShiroConfiguration - shiroFilter注册完成 
2018-07-05 20:52:27 4283 [main] INFO  o.s.c.s.PostProcessorRegistrationDelegate$BeanPostProcessorChecker - Bean 'org.springframework.transaction.annotation.ProxyTransactionManagementConfiguration' of type [org.springframework.transaction.annotation.ProxyTransactionManagementConfiguration$$EnhancerBySpringCGLIB$$3863ff20] is not eligible for getting processed by all BeanPostProcessors (for example: not eligible for auto-proxying) 
2018-07-05 20:52:27 4298 [main] INFO  o.s.c.s.PostProcessorRegistrationDelegate$BeanPostProcessorChecker - Bean 'authorizationAttributeSourceAdvisor' of type [org.apache.shiro.spring.security.interceptor.AuthorizationAttributeSourceAdvisor] is not eligible for getting processed by all BeanPostProcessors (for example: not eligible for auto-proxying) 
2018-07-05 20:52:28 5199 [main] INFO  o.s.w.s.m.m.a.RequestMappingHandlerMapping - Mapped "{[/admin/user],methods=[GET]}" onto public java.lang.String com.wyc.web.AdminController.getUser(long) 
2018-07-05 20:52:28 5200 [main] INFO  o.s.w.s.m.m.a.RequestMappingHandlerMapping - Mapped "{[/admin/user],methods=[POST]}" onto public java.lang.String com.wyc.web.AdminController.addUser(java.lang.String) 
2018-07-05 20:52:28 5201 [main] INFO  o.s.w.s.m.m.a.RequestMappingHandlerMapping - Mapped "{[/admin/user],methods=[PUT]}" onto public java.lang.String com.wyc.web.AdminController.updateUser(java.lang.String) 
2018-07-05 20:52:28 5201 [main] INFO  o.s.w.s.m.m.a.RequestMappingHandlerMapping - Mapped "{[/admin/user],methods=[DELETE]}" onto public java.lang.String com.wyc.web.AdminController.delUser(long) 
2018-07-05 20:52:28 5202 [main] INFO  o.s.w.s.m.m.a.RequestMappingHandlerMapping - Mapped "{[/admin/testAuthorization],methods=[GET]}" onto public java.lang.String com.wyc.web.AdminController.testAuthorization() 
2018-07-05 20:52:28 5203 [main] INFO  o.s.w.s.m.m.a.RequestMappingHandlerMapping - Mapped "{[/login]}" onto public java.lang.String com.wyc.web.AuthenticationController.login() 
2018-07-05 20:52:28 5204 [main] INFO  o.s.w.s.m.m.a.RequestMappingHandlerMapping - Mapped "{[/login_in],produces=[application/json;charset=UTF-8]}" onto public com.wyc.entity.JsonBean com.wyc.web.AuthenticationController.loginIn(javax.servlet.http.HttpServletRequest) 
2018-07-05 20:52:28 5204 [main] INFO  o.s.w.s.m.m.a.RequestMappingHandlerMapping - Mapped "{[/unauth]}" onto public java.lang.Object com.wyc.web.AuthenticationController.unauth() 
2018-07-05 20:52:28 5205 [main] INFO  o.s.w.s.m.m.a.RequestMappingHandlerMapping - Mapped "{[/demo/testRedis],methods=[GET]}" onto public java.lang.String com.wyc.web.DemoController.testRedis(java.lang.String) 
2018-07-05 20:52:28 5206 [main] INFO  o.s.w.s.m.m.a.RequestMappingHandlerMapping - Mapped "{[/demo/getAll],methods=[GET]}" onto public java.lang.String com.wyc.web.DemoController.testDemo(java.util.Map<java.lang.String, java.lang.Object>) 
2018-07-05 20:52:28 5207 [main] INFO  o.s.w.s.m.m.a.RequestMappingHandlerMapping - Mapped "{[/errorPage/404]}" onto public java.lang.String com.wyc.web.ErrorPageController.http404() 
2018-07-05 20:52:28 5207 [main] INFO  o.s.w.s.m.m.a.RequestMappingHandlerMapping - Mapped "{[/errorPage/403]}" onto public java.lang.String com.wyc.web.ErrorPageController.http403() 
2018-07-05 20:52:28 5208 [main] INFO  o.s.w.s.m.m.a.RequestMappingHandlerMapping - Mapped "{[/datam/verify]}" onto public java.lang.String com.wyc.web.GetDataController.verify(javax.servlet.http.HttpServletRequest,javax.servlet.http.HttpServletResponse) throws java.io.UnsupportedEncodingException 
2018-07-05 20:52:28 5209 [main] INFO  o.s.w.s.m.m.a.RequestMappingHandlerMapping - Mapped "{[/v2/api-docs],methods=[GET],produces=[application/json || application/hal+json]}" onto public org.springframework.http.ResponseEntity<springfox.documentation.spring.web.json.Json> springfox.documentation.swagger2.web.Swagger2Controller.getDocumentation(java.lang.String,javax.servlet.http.HttpServletRequest) 
2018-07-05 20:52:28 5213 [main] INFO  o.s.w.s.m.m.a.RequestMappingHandlerMapping - Mapped "{[/swagger-resources/configuration/security]}" onto org.springframework.http.ResponseEntity<springfox.documentation.swagger.web.SecurityConfiguration> springfox.documentation.swagger.web.ApiResourceController.securityConfiguration() 
2018-07-05 20:52:28 5214 [main] INFO  o.s.w.s.m.m.a.RequestMappingHandlerMapping - Mapped "{[/swagger-resources/configuration/ui]}" onto org.springframework.http.ResponseEntity<springfox.documentation.swagger.web.UiConfiguration> springfox.documentation.swagger.web.ApiResourceController.uiConfiguration() 
2018-07-05 20:52:28 5215 [main] INFO  o.s.w.s.m.m.a.RequestMappingHandlerMapping - Mapped "{[/swagger-resources]}" onto org.springframework.http.ResponseEntity<java.util.List<springfox.documentation.swagger.web.SwaggerResource>> springfox.documentation.swagger.web.ApiResourceController.swaggerResources() 
2018-07-05 20:52:28 5219 [main] INFO  o.s.w.s.m.m.a.RequestMappingHandlerMapping - Mapped "{[/error]}" onto public org.springframework.http.ResponseEntity<java.util.Map<java.lang.String, java.lang.Object>> org.springframework.boot.autoconfigure.web.BasicErrorController.error(javax.servlet.http.HttpServletRequest) 
2018-07-05 20:52:28 5219 [main] INFO  o.s.w.s.m.m.a.RequestMappingHandlerMapping - Mapped "{[/error],produces=[text/html]}" onto public org.springframework.web.servlet.ModelAndView org.springframework.boot.autoconfigure.web.BasicErrorController.errorHtml(javax.servlet.http.HttpServletRequest,javax.servlet.http.HttpServletResponse) 
2018-07-05 20:52:28 5879 [main] INFO  o.s.w.s.m.m.a.RequestMappingHandlerAdapter - Looking for @ControllerAdvice: org.springframework.web.context.support.GenericWebApplicationContext@1a72a540: startup date [Thu Jul 05 20:52:24 CST 2018]; root of context hierarchy 
2018-07-05 20:52:29 5957 [main] INFO  o.s.w.s.h.SimpleUrlHandlerMapping - Mapped URL path [/webjars/**] onto handler of type [class org.springframework.web.servlet.resource.ResourceHttpRequestHandler] 
2018-07-05 20:52:29 5957 [main] INFO  o.s.w.s.h.SimpleUrlHandlerMapping - Mapped URL path [/**] onto handler of type [class org.springframework.web.servlet.resource.ResourceHttpRequestHandler] 
2018-07-05 20:52:29 6013 [main] INFO  o.s.w.s.h.SimpleUrlHandlerMapping - Mapped URL path [/**/favicon.ico] onto handler of type [class org.springframework.web.servlet.resource.ResourceHttpRequestHandler] 
2018-07-05 20:52:29 6573 [main] INFO  o.s.w.s.v.f.FreeMarkerConfigurer - ClassTemplateLoader for Spring macros added to FreeMarker configuration 
2018-07-05 20:52:29 6759 [main] INFO  o.s.c.s.DefaultLifecycleProcessor - Starting beans in phase 2147483647 
2018-07-05 20:52:29 6759 [main] INFO  s.d.s.w.p.DocumentationPluginsBootstrapper - Context refreshed 
2018-07-05 20:52:29 6782 [main] INFO  s.d.s.w.p.DocumentationPluginsBootstrapper - Found 1 custom documentation plugin(s) 
2018-07-05 20:52:29 6792 [main] INFO  s.d.s.w.s.ApiListingReferenceScanner - Scanning for api listing references 
2018-07-05 20:52:30 7023 [main] INFO  c.wyc.DatamsecurityApplicationTests - Started DatamsecurityApplicationTests in 6.531 seconds (JVM running for 7.397) 
2018-07-05 20:52:30 7071 [Thread-5] INFO  o.s.w.c.s.GenericWebApplicationContext - Closing org.springframework.web.context.support.GenericWebApplicationContext@1a72a540: startup date [Thu Jul 05 20:52:24 CST 2018]; root of context hierarchy 
2018-07-05 20:52:30 7073 [Thread-5] INFO  o.s.c.s.DefaultLifecycleProcessor - Stopping beans in phase 2147483647 
2018-07-05 22:46:53 1055 [main] INFO  c.wyc.DatamsecurityApplicationTests - Starting DatamsecurityApplicationTests on DESKTOP-U1CJN0C with PID 836 (started by haima in C:\Users\haima\IdeaProjects\datamsecurity) 
2018-07-05 22:46:53 1056 [main] INFO  c.wyc.DatamsecurityApplicationTests - The following profiles are active: dev 
2018-07-05 22:46:53 1088 [main] INFO  o.s.w.c.s.GenericWebApplicationContext - Refreshing org.springframework.web.context.support.GenericWebApplicationContext@1a72a540: startup date [Thu Jul 05 22:46:53 CST 2018]; root of context hierarchy 
2018-07-05 22:46:54 1406 [background-preinit] INFO  o.h.validator.internal.util.Version - HV000001: Hibernate Validator 5.3.5.Final 
2018-07-05 22:46:55 2312 [main] INFO  o.s.d.r.c.RepositoryConfigurationDelegate - Multiple Spring Data modules found, entering strict repository configuration mode! 
2018-07-05 22:46:55 2770 [main] INFO  o.s.c.s.PostProcessorRegistrationDelegate$BeanPostProcessorChecker - Bean 'shiroConfiguration' of type [com.wyc.configuration.ShiroConfiguration$$EnhancerBySpringCGLIB$$f24403dc] is not eligible for getting processed by all BeanPostProcessors (for example: not eligible for auto-proxying) 
2018-07-05 22:46:55 2806 [main] INFO  c.w.c.ShiroConfiguration - myRealm注册完成 
2018-07-05 22:46:55 2984 [main] INFO  o.s.c.s.PostProcessorRegistrationDelegate$BeanPostProcessorChecker - Bean 'mybatis-org.mybatis.spring.boot.autoconfigure.MybatisProperties' of type [org.mybatis.spring.boot.autoconfigure.MybatisProperties] is not eligible for getting processed by all BeanPostProcessors (for example: not eligible for auto-proxying) 
2018-07-05 22:46:55 2993 [main] INFO  o.s.c.s.PostProcessorRegistrationDelegate$BeanPostProcessorChecker - Bean 'org.mybatis.spring.boot.autoconfigure.MybatisAutoConfiguration' of type [org.mybatis.spring.boot.autoconfigure.MybatisAutoConfiguration$$EnhancerBySpringCGLIB$$6b385050] is not eligible for getting processed by all BeanPostProcessors (for example: not eligible for auto-proxying) 
2018-07-05 22:46:55 2997 [main] INFO  o.s.c.s.PostProcessorRegistrationDelegate$BeanPostProcessorChecker - Bean 'baseDataSource' of type [com.wyc.configuration.BaseDataSource$$EnhancerBySpringCGLIB$$2551398d] is not eligible for getting processed by all BeanPostProcessors (for example: not eligible for auto-proxying) 
2018-07-05 22:46:56 3378 [main] INFO  o.s.c.s.PostProcessorRegistrationDelegate$BeanPostProcessorChecker - Bean 'dataSource' of type [com.alibaba.druid.pool.DruidDataSource] is not eligible for getting processed by all BeanPostProcessors (for example: not eligible for auto-proxying) 
2018-07-05 22:46:56 3573 [main] INFO  o.s.c.s.PostProcessorRegistrationDelegate$BeanPostProcessorChecker - Bean 'sqlSessionFactory' of type [org.apache.ibatis.session.defaults.DefaultSqlSessionFactory] is not eligible for getting processed by all BeanPostProcessors (for example: not eligible for auto-proxying) 
2018-07-05 22:46:56 3583 [main] INFO  o.s.c.s.PostProcessorRegistrationDelegate$BeanPostProcessorChecker - Bean 'sqlSessionTemplate' of type [org.mybatis.spring.SqlSessionTemplate] is not eligible for getting processed by all BeanPostProcessors (for example: not eligible for auto-proxying) 
2018-07-05 22:46:56 3584 [main] INFO  o.s.c.s.PostProcessorRegistrationDelegate$BeanPostProcessorChecker - Bean 'userInfoMapper' of type [org.mybatis.spring.mapper.MapperFactoryBean] is not eligible for getting processed by all BeanPostProcessors (for example: not eligible for auto-proxying) 
2018-07-05 22:46:56 3586 [main] INFO  o.s.c.s.PostProcessorRegistrationDelegate$BeanPostProcessorChecker - Bean 'userInfoMapper' of type [com.sun.proxy.$Proxy87] is not eligible for getting processed by all BeanPostProcessors (for example: not eligible for auto-proxying) 
2018-07-05 22:46:56 3596 [main] INFO  o.s.c.s.PostProcessorRegistrationDelegate$BeanPostProcessorChecker - Bean 'baseMapper' of type [org.mybatis.spring.mapper.MapperFactoryBean] is not eligible for getting processed by all BeanPostProcessors (for example: not eligible for auto-proxying) 
2018-07-05 22:46:56 3597 [main] INFO  o.s.c.s.PostProcessorRegistrationDelegate$BeanPostProcessorChecker - Bean 'baseMapper' of type [com.sun.proxy.$Proxy88] is not eligible for getting processed by all BeanPostProcessors (for example: not eligible for auto-proxying) 
2018-07-05 22:46:56 3599 [main] INFO  o.s.c.s.PostProcessorRegistrationDelegate$BeanPostProcessorChecker - Bean 'baseServie' of type [com.wyc.service.impl.BaseServiceClientImpl] is not eligible for getting processed by all BeanPostProcessors (for example: not eligible for auto-proxying) 
2018-07-05 22:46:56 3599 [main] INFO  o.s.c.s.PostProcessorRegistrationDelegate$BeanPostProcessorChecker - Bean 'userService' of type [com.wyc.service.impl.UserServiceImpl] is not eligible for getting processed by all BeanPostProcessors (for example: not eligible for auto-proxying) 
2018-07-05 22:46:56 3600 [main] INFO  o.s.c.s.PostProcessorRegistrationDelegate$BeanPostProcessorChecker - Bean 'myRealm' of type [com.wyc.common.MyRealm] is not eligible for getting processed by all BeanPostProcessors (for example: not eligible for auto-proxying) 
2018-07-05 22:46:56 4074 [main] INFO  o.s.c.s.PostProcessorRegistrationDelegate$BeanPostProcessorChecker - Bean 'redisSessionDAO' of type [org.crazycake.shiro.RedisSessionDAO] is not eligible for getting processed by all BeanPostProcessors (for example: not eligible for auto-proxying) 
2018-07-05 22:46:56 4086 [main] INFO  o.s.c.s.PostProcessorRegistrationDelegate$BeanPostProcessorChecker - Bean 'sessionManager' of type [com.wyc.configuration.MySessionManager] is not eligible for getting processed by all BeanPostProcessors (for example: not eligible for auto-proxying) 
2018-07-05 22:46:56 4090 [main] INFO  o.s.c.s.PostProcessorRegistrationDelegate$BeanPostProcessorChecker - Bean 'cacheManager' of type [org.crazycake.shiro.RedisCacheManager] is not eligible for getting processed by all BeanPostProcessors (for example: not eligible for auto-proxying) 
2018-07-05 22:46:56 4091 [main] INFO  c.w.c.ShiroConfiguration - securityManager注册完成 
2018-07-05 22:46:56 4102 [main] INFO  o.s.c.s.PostProcessorRegistrationDelegate$BeanPostProcessorChecker - Bean 'securityManager' of type [org.apache.shiro.web.mgt.DefaultWebSecurityManager] is not eligible for getting processed by all BeanPostProcessors (for example: not eligible for auto-proxying) 
2018-07-05 22:46:56 4108 [main] INFO  o.s.c.s.PostProcessorRegistrationDelegate$BeanPostProcessorChecker - Bean 'shiroLoginFilter' of type [com.wyc.configuration.CorsConfig] is not eligible for getting processed by all BeanPostProcessors (for example: not eligible for auto-proxying) 
2018-07-05 22:46:56 4109 [main] INFO  c.w.c.ShiroConfiguration - shiroFilter注册完成 
2018-07-05 22:46:56 4159 [main] INFO  o.s.c.s.PostProcessorRegistrationDelegate$BeanPostProcessorChecker - Bean 'org.springframework.transaction.annotation.ProxyTransactionManagementConfiguration' of type [org.springframework.transaction.annotation.ProxyTransactionManagementConfiguration$$EnhancerBySpringCGLIB$$3863ff20] is not eligible for getting processed by all BeanPostProcessors (for example: not eligible for auto-proxying) 
2018-07-05 22:46:56 4175 [main] INFO  o.s.c.s.PostProcessorRegistrationDelegate$BeanPostProcessorChecker - Bean 'authorizationAttributeSourceAdvisor' of type [org.apache.shiro.spring.security.interceptor.AuthorizationAttributeSourceAdvisor] is not eligible for getting processed by all BeanPostProcessors (for example: not eligible for auto-proxying) 
2018-07-05 22:46:57 5112 [main] INFO  o.s.w.s.m.m.a.RequestMappingHandlerMapping - Mapped "{[/admin/testAuthorization],methods=[GET]}" onto public java.lang.String com.wyc.web.AdminController.testAuthorization() 
2018-07-05 22:46:57 5113 [main] INFO  o.s.w.s.m.m.a.RequestMappingHandlerMapping - Mapped "{[/admin/user],methods=[PUT]}" onto public java.lang.String com.wyc.web.AdminController.updateUser(java.lang.String) 
2018-07-05 22:46:57 5114 [main] INFO  o.s.w.s.m.m.a.RequestMappingHandlerMapping - Mapped "{[/admin/user],methods=[DELETE]}" onto public java.lang.String com.wyc.web.AdminController.delUser(long) 
2018-07-05 22:46:57 5114 [main] INFO  o.s.w.s.m.m.a.RequestMappingHandlerMapping - Mapped "{[/admin/user],methods=[GET]}" onto public java.lang.String com.wyc.web.AdminController.getUser(long) 
2018-07-05 22:46:57 5114 [main] INFO  o.s.w.s.m.m.a.RequestMappingHandlerMapping - Mapped "{[/admin/user],methods=[POST]}" onto public java.lang.String com.wyc.web.AdminController.addUser(java.lang.String) 
2018-07-05 22:46:57 5116 [main] INFO  o.s.w.s.m.m.a.RequestMappingHandlerMapping - Mapped "{[/login]}" onto public java.lang.String com.wyc.web.AuthenticationController.login() 
2018-07-05 22:46:57 5116 [main] INFO  o.s.w.s.m.m.a.RequestMappingHandlerMapping - Mapped "{[/unauth]}" onto public java.lang.Object com.wyc.web.AuthenticationController.unauth() 
2018-07-05 22:46:57 5117 [main] INFO  o.s.w.s.m.m.a.RequestMappingHandlerMapping - Mapped "{[/login_in],produces=[application/json;charset=UTF-8]}" onto public com.wyc.entity.JsonBean com.wyc.web.AuthenticationController.loginIn(javax.servlet.http.HttpServletRequest) 
2018-07-05 22:46:57 5118 [main] INFO  o.s.w.s.m.m.a.RequestMappingHandlerMapping - Mapped "{[/demo/getAll],methods=[GET]}" onto public java.lang.String com.wyc.web.DemoController.testDemo(java.util.Map<java.lang.String, java.lang.Object>) 
2018-07-05 22:46:57 5118 [main] INFO  o.s.w.s.m.m.a.RequestMappingHandlerMapping - Mapped "{[/demo/testRedis],methods=[GET]}" onto public java.lang.String com.wyc.web.DemoController.testRedis(java.lang.String) 
2018-07-05 22:46:57 5119 [main] INFO  o.s.w.s.m.m.a.RequestMappingHandlerMapping - Mapped "{[/errorPage/404]}" onto public java.lang.String com.wyc.web.ErrorPageController.http404() 
2018-07-05 22:46:57 5119 [main] INFO  o.s.w.s.m.m.a.RequestMappingHandlerMapping - Mapped "{[/errorPage/403]}" onto public java.lang.String com.wyc.web.ErrorPageController.http403() 
2018-07-05 22:46:57 5119 [main] INFO  o.s.w.s.m.m.a.RequestMappingHandlerMapping - Mapped "{[/datam/verify]}" onto public java.lang.String com.wyc.web.GetDataController.verify(javax.servlet.http.HttpServletRequest,javax.servlet.http.HttpServletResponse) throws java.io.UnsupportedEncodingException 
2018-07-05 22:46:57 5120 [main] INFO  o.s.w.s.m.m.a.RequestMappingHandlerMapping - Mapped "{[/v2/api-docs],methods=[GET],produces=[application/json || application/hal+json]}" onto public org.springframework.http.ResponseEntity<springfox.documentation.spring.web.json.Json> springfox.documentation.swagger2.web.Swagger2Controller.getDocumentation(java.lang.String,javax.servlet.http.HttpServletRequest) 
2018-07-05 22:46:57 5124 [main] INFO  o.s.w.s.m.m.a.RequestMappingHandlerMapping - Mapped "{[/swagger-resources]}" onto org.springframework.http.ResponseEntity<java.util.List<springfox.documentation.swagger.web.SwaggerResource>> springfox.documentation.swagger.web.ApiResourceController.swaggerResources() 
2018-07-05 22:46:57 5124 [main] INFO  o.s.w.s.m.m.a.RequestMappingHandlerMapping - Mapped "{[/swagger-resources/configuration/ui]}" onto org.springframework.http.ResponseEntity<springfox.documentation.swagger.web.UiConfiguration> springfox.documentation.swagger.web.ApiResourceController.uiConfiguration() 
2018-07-05 22:46:57 5124 [main] INFO  o.s.w.s.m.m.a.RequestMappingHandlerMapping - Mapped "{[/swagger-resources/configuration/security]}" onto org.springframework.http.ResponseEntity<springfox.documentation.swagger.web.SecurityConfiguration> springfox.documentation.swagger.web.ApiResourceController.securityConfiguration() 
2018-07-05 22:46:57 5128 [main] INFO  o.s.w.s.m.m.a.RequestMappingHandlerMapping - Mapped "{[/error]}" onto public org.springframework.http.ResponseEntity<java.util.Map<java.lang.String, java.lang.Object>> org.springframework.boot.autoconfigure.web.BasicErrorController.error(javax.servlet.http.HttpServletRequest) 
2018-07-05 22:46:57 5128 [main] INFO  o.s.w.s.m.m.a.RequestMappingHandlerMapping - Mapped "{[/error],produces=[text/html]}" onto public org.springframework.web.servlet.ModelAndView org.springframework.boot.autoconfigure.web.BasicErrorController.errorHtml(javax.servlet.http.HttpServletRequest,javax.servlet.http.HttpServletResponse) 
2018-07-05 22:46:58 5819 [main] INFO  o.s.w.s.m.m.a.RequestMappingHandlerAdapter - Looking for @ControllerAdvice: org.springframework.web.context.support.GenericWebApplicationContext@1a72a540: startup date [Thu Jul 05 22:46:53 CST 2018]; root of context hierarchy 
2018-07-05 22:46:58 5931 [main] INFO  o.s.w.s.h.SimpleUrlHandlerMapping - Mapped URL path [/webjars/**] onto handler of type [class org.springframework.web.servlet.resource.ResourceHttpRequestHandler] 
2018-07-05 22:46:58 5931 [main] INFO  o.s.w.s.h.SimpleUrlHandlerMapping - Mapped URL path [/**] onto handler of type [class org.springframework.web.servlet.resource.ResourceHttpRequestHandler] 
2018-07-05 22:46:58 6048 [main] INFO  o.s.w.s.h.SimpleUrlHandlerMapping - Mapped URL path [/**/favicon.ico] onto handler of type [class org.springframework.web.servlet.resource.ResourceHttpRequestHandler] 
2018-07-05 22:46:59 6503 [main] INFO  o.s.w.s.v.f.FreeMarkerConfigurer - ClassTemplateLoader for Spring macros added to FreeMarker configuration 
2018-07-05 22:46:59 6702 [main] INFO  o.s.c.s.DefaultLifecycleProcessor - Starting beans in phase 2147483647 
2018-07-05 22:46:59 6702 [main] INFO  s.d.s.w.p.DocumentationPluginsBootstrapper - Context refreshed 
2018-07-05 22:46:59 6726 [main] INFO  s.d.s.w.p.DocumentationPluginsBootstrapper - Found 1 custom documentation plugin(s) 
2018-07-05 22:46:59 6736 [main] INFO  s.d.s.w.s.ApiListingReferenceScanner - Scanning for api listing references 
2018-07-05 22:46:59 6929 [main] INFO  c.wyc.DatamsecurityApplicationTests - Started DatamsecurityApplicationTests in 6.484 seconds (JVM running for 7.207) 
2018-07-05 22:46:59 6988 [Thread-5] INFO  o.s.w.c.s.GenericWebApplicationContext - Closing org.springframework.web.context.support.GenericWebApplicationContext@1a72a540: startup date [Thu Jul 05 22:46:53 CST 2018]; root of context hierarchy 
2018-07-05 22:46:59 6990 [Thread-5] INFO  o.s.c.s.DefaultLifecycleProcessor - Stopping beans in phase 2147483647 
